Build started 11/3/2021 23:30:19.
     1>Project "F:\Universidad\Estructura de datos\Numero a literal\Numero a literal\Numero a literal\Numero a literal.vcxproj" on node 2 (build target(s)).
     1>InitializeBuildStatus:
         Creating "Debug\Numero a literal.unsuccessfulbuild" because "AlwaysCreate" was specified.
       ClCompile:
         All outputs are up-to-date.
         f:\Visual Studio\VC\bin\CL.exe /c /ZI /nologo /W3 /WX- /Od /Oy- /D WIN32 /D _DEBUG /D _CONSOLE /D _UNICODE /D UNICODE /Gm /EHsc /RTC1 /MDd /GS /fp:precise /Zc:wchar_t /Zc:forScope /Yu"StdAfx.h" /Fp"Debug\Numero a literal.pch" /Fo"Debug\\" /Fd"Debug\vc100.pdb" /Gd /TP /analyze- /errorReport:prompt Literal.cpp "Numero a literal.cpp"
         Literal.cpp
         Generating Code...
         Skipping... (no relevant changes detected)
         Numero a literal.cpp
       ManifestResourceCompile:
         All outputs are up-to-date.
       Link:
         f:\Visual Studio\VC\bin\link.exe /ERRORREPORT:PROMPT /OUT:"F:\Universidad\Estructura de datos\Numero a literal\Numero a literal\Debug\Numero a literal.exe" /INCREMENTAL /NOLOGO kernel32.lib user32.lib gdi32.lib winspool.lib comdlg32.lib advapi32.lib shell32.lib ole32.lib oleaut32.lib uuid.lib odbc32.lib odbccp32.lib /MANIFEST /ManifestFile:"Debug\Numero a literal.exe.intermediate.manifest" /MANIFESTUAC:"level='asInvoker' uiAccess='false'" /DEBUG /PDB:"F:\Universidad\Estructura de datos\Numero a literal\Numero a literal\Debug\Numero a literal.pdb" /SUBSYSTEM:CONSOLE /TLBID:1 /DYNAMICBASE /NXCOMPAT /IMPLIB:"F:\Universidad\Estructura de datos\Numero a literal\Numero a literal\Debug\Numero a literal.lib" /MACHINE:X86 "Debug\Numero a literal.exe.embed.manifest.res"
         Debug\Literal.obj
         "Debug\Numero a literal.obj"
         Debug\stdafx.obj
       Manifest:
         C:\Program Files (x86)\Microsoft SDKs\Windows\v7.0A\bin\mt.exe /nologo /verbose /out:"Debug\Numero a literal.exe.embed.manifest" /manifest "Debug\Numero a literal.exe.intermediate.manifest"
         All outputs are up-to-date.
       LinkEmbedManifest:
         All outputs are up-to-date.
         Numero a literal.vcxproj -> F:\Universidad\Estructura de datos\Numero a literal\Numero a literal\Debug\Numero a literal.exe
       FinalizeBuildStatus:
         Deleting file "Debug\Numero a literal.unsuccessfulbuild".
         Touching "Debug\Numero a literal.lastbuildstate".
     1>Done Building Project "F:\Universidad\Estructura de datos\Numero a literal\Numero a literal\Numero a literal\Numero a literal.vcxproj" (build target(s)).

Build succeeded.

Time Elapsed 00:00:00.89
